<?xml version="1.0" encoding="UTF-8"?>
<!-- Generated by org.testng.reporters.JUnitXMLReporter -->
<testsuite hostname="LAP-151-HF32" name="RequsisitionSearchTestPlan" tests="4" failures="4" timestamp="16 Aug 2016 08:09:54 GMT" time="16.844" errors="0">
  <testcase name="GetRequisitionSearch" time="16.404" classname="com.spire.requisitionResources.RequisitionResourcesTestPlan">
    <failure type="java.lang.AssertionError" message="null">
      <![CDATA[java.lang.AssertionError: null
	at com.spire.service.consumers.RequisitionResourceConsumer.getRequisition(RequisitionResourceConsumer.java:55)
	at com.spire.requisitionResources.RequisitionResourcesTestPlan.GetRequisitionSearch(RequisitionResourcesTestPlan.java:58)
	at java.util.concurrent.FutureTask.run(Unknown Source)
	at java.util.concurrent.ThreadPoolExecutor.runWorker(Unknown Source)
	at java.util.concurrent.ThreadPoolExecutor$Worker.run(Unknown Source)
	at java.lang.Thread.run(Unknown Source)
... Removed 18 stack frames]]>
    </failure>
  </testcase> <!-- GetRequisitionSearch -->
  <testcase name="GetRequisitionSearch" time="0.126" classname="com.spire.requisitionResources.RequisitionResourcesTestPlan">
    <failure type="java.lang.AssertionError" message="null">
      <![CDATA[java.lang.AssertionError: null
	at com.spire.service.consumers.RequisitionResourceConsumer.getRequisition(RequisitionResourceConsumer.java:55)
	at com.spire.requisitionResources.RequisitionResourcesTestPlan.GetRequisitionSearch(RequisitionResourcesTestPlan.java:58)
	at java.util.concurrent.FutureTask.run(Unknown Source)
	at java.util.concurrent.ThreadPoolExecutor.runWorker(Unknown Source)
	at java.util.concurrent.ThreadPoolExecutor$Worker.run(Unknown Source)
	at java.lang.Thread.run(Unknown Source)
... Removed 18 stack frames]]>
    </failure>
  </testcase> <!-- GetRequisitionSearch -->
  <testcase name="GetRequisitionSearch" time="0.12" classname="com.spire.requisitionResources.SearchResourcesTestPlan">
    <failure type="java.lang.AssertionError" message="null">
      <![CDATA[java.lang.AssertionError: null
	at com.spire.service.consumers.RequisitionResourceConsumer.getRequisition(RequisitionResourceConsumer.java:55)
	at com.spire.requisitionResources.SearchResourcesTestPlan.GetRequisitionSearch(SearchResourcesTestPlan.java:51)
	at java.util.concurrent.FutureTask.run(Unknown Source)
	at java.util.concurrent.ThreadPoolExecutor.runWorker(Unknown Source)
	at java.util.concurrent.ThreadPoolExecutor$Worker.run(Unknown Source)
	at java.lang.Thread.run(Unknown Source)
... Removed 18 stack frames]]>
    </failure>
  </testcase> <!-- GetRequisitionSearch -->
  <testcase name="GetRequisitionSearch" time="0.143" classname="com.spire.requisitionResources.SearchResourcesTestPlan">
    <failure type="java.lang.AssertionError" message="null">
      <![CDATA[java.lang.AssertionError: null
	at com.spire.service.consumers.RequisitionResourceConsumer.getRequisition(RequisitionResourceConsumer.java:55)
	at com.spire.requisitionResources.SearchResourcesTestPlan.GetRequisitionSearch(SearchResourcesTestPlan.java:51)
	at java.util.concurrent.FutureTask.run(Unknown Source)
	at java.util.concurrent.ThreadPoolExecutor.runWorker(Unknown Source)
	at java.util.concurrent.ThreadPoolExecutor$Worker.run(Unknown Source)
	at java.lang.Thread.run(Unknown Source)
... Removed 18 stack frames]]>
    </failure>
  </testcase> <!-- GetRequisitionSearch -->
</testsuite> <!-- RequsisitionSearchTestPlan -->
